[2024-09-11T01:13:15.346581+02:00] event_logger.ERROR: Connection error: SQLSTATE[HY000] [1045] Access denied for user 'root'@'localhost' (using password: YES) [] []

[2024-09-11T01:13:15.384657+02:00] event_logger.ERROR: Connection error: SQLSTATE[HY000] [1045] Access denied for user 'root'@'localhost' (using password: YES) [] []
[2024-09-11T01:18:37.284654+02:00] event_logger.ERROR: Connection error: SQLSTATE[HY000] [1045] Access denied for user 'root'@'localhost' (using password: YES) [] []
[2024-09-11T01:18:37.320028+02:00] event_logger.ERROR: Connection error: SQLSTATE[HY000] [1045] Access denied for user 'root'@'localhost' (using password: YES) [] []
[2024-09-11T01:25:37.099000+02:00] event_logger.INFO: Database connection established successfully.{} [] []
[2024-09-11T01:25:37.264020+02:00] event_logger.INFO: Database connection established successfully.{} [] []
[2024-09-11T01:32:21.660672+02:00] event_logger.ERROR: Connection error: SQLSTATE[HY000] [1045] Access denied for user 'root'@'localhost' (using password: YES) in C:\xampp\htdocs\voting_api\config\database.php on line 32 with code 1045 at 2024-09-11 01:32:21  [] []
[2024-09-11T01:32:21.690887+02:00] event_logger.ERROR: Connection error: SQLSTATE[HY000] [1045] Access denied for user 'root'@'localhost' (using password: YES) in C:\xampp\htdocs\voting_api\config\database.php on line 32 with code 1045 at 2024-09-11 01:32:21  [] []
[2024-09-11T01:33:04.575820+02:00] event_logger.ERROR: Connection error: SQLSTATE[HY000] [1045] Access denied for user 'root'@'localhost' (using password: YES) in C:\xampp\htdocs\voting_api\config\database.php on line 32 with code 1045 at 2024-09-11 01:33:04  [] []
[2024-09-11T01:33:04.603380+02:00] event_logger.ERROR: Connection error: SQLSTATE[HY000] [1045] Access denied for user 'root'@'localhost' (using password: YES) in C:\xampp\htdocs\voting_api\config\database.php on line 32 with code 1045 at 2024-09-11 01:33:04  [] []
[2024-09-11T01:33:45.656146+02:00] event_logger.ERROR: Connection error: SQLSTATE[HY000] [1045] Access denied for user 'root'@'localhost' (using password: YES) in C:\xampp\htdocs\voting_api\config\database.php on line 32 with code 1045 at 2024-09-11 01:33:45    [] []
[2024-09-11T01:33:45.679188+02:00] event_logger.ERROR: Connection error: SQLSTATE[HY000] [1045] Access denied for user 'root'@'localhost' (using password: YES) in C:\xampp\htdocs\voting_api\config\database.php on line 32 with code 1045 at 2024-09-11 01:33:45    [] []
[2024-09-11T01:34:25.383490+02:00] event_logger.ERROR: Connection error: SQLSTATE[HY000] [1045] Access denied for user 'root'@'localhost' (using password: YES) in C:\xampp\htdocs\voting_api\config\database.php on line 32 with code 1045 at 2024-09-11 01:34:25    [] []
[2024-09-11T01:34:25.539950+02:00] event_logger.ERROR: Connection error: SQLSTATE[HY000] [1045] Access denied for user 'root'@'localhost' (using password: YES) in C:\xampp\htdocs\voting_api\config\database.php on line 32 with code 1045 at 2024-09-11 01:34:25    [] []
[2024-09-11T01:34:45.720991+02:00] event_logger.INFO: Database connection established successfully. [] []
[2024-09-11T01:34:45.741417+02:00] event_logger.INFO: Database connection established successfully. [] []
[2024-09-11T01:35:48.243622+02:00] event_logger.INFO: Database connection established successfully. [] []
[2024-09-11T01:35:48.261322+02:00] event_logger.INFO: Database connection established successfully. [] []
[2024-09-11T01:37:40.815530+02:00] event_logger.INFO: Database connection established successfully. [] []
[2024-09-11T01:37:40.902139+02:00] event_logger.INFO: Database connection established successfully. [] []
[2024-09-11T01:46:23.784481+02:00] event_logger.INFO: Database connection established successfully. [] []
[2024-09-11T01:46:23.809799+02:00] event_logger.INFO: Database connection established successfully. [] []
[2024-09-11T01:46:26.092903+02:00] event_logger.INFO: Database connection established successfully. [] []
[2024-09-11T01:46:26.112588+02:00] event_logger.INFO: Database connection established successfully. [] []
[2024-09-11T01:46:59.295864+02:00] event_logger.INFO: Database connection established successfully. [] []
[2024-09-11T01:46:59.367320+02:00] event_logger.INFO: Database connection established successfully. [] []
[2024-09-11T01:49:37.308558+02:00] event_logger.INFO: Database connection established successfully. [] []
[2024-09-11T01:49:37.329613+02:00] event_logger.INFO: Database connection established successfully. [] []
[2024-09-11T06:31:27.670015+02:00] event_logger.INFO: Database connection established successfully. [] []
[2024-09-11T06:31:27.891113+02:00] event_logger.INFO: Database connection established successfully. [] []
[2024-09-11T06:46:15.350370+02:00] event_logger.INFO: Database connection established successfully. [] []
[2024-09-11T06:46:15.396397+02:00] event_logger.INFO: Database connection established successfully. [] []
[2024-09-11T06:50:33.161711+02:00] event_logger.INFO: Database connection established successfully. [] []
[2024-09-11T06:50:33.189467+02:00] event_logger.INFO: Database connection established successfully. [] []
[2024-09-11T06:51:13.708886+02:00] event_logger.INFO: Database connection established successfully. [] []
[2024-09-11T06:51:13.728957+02:00] event_logger.INFO: Database connection established successfully. [] []
[2024-09-11T06:52:11.210631+02:00] event_logger.INFO: Database connection established successfully. [] []
[2024-09-11T06:52:11.227543+02:00] event_logger.INFO: Database connection established successfully. [] []
[2024-09-11T06:53:03.205929+02:00] event_logger.INFO: Database connection established successfully. [] []
[2024-09-11T06:53:03.230364+02:00] event_logger.INFO: Database connection established successfully. [] []
[2024-09-11T06:56:19.193029+02:00] event_logger.INFO: Database connection established successfully. [] []
[2024-09-11T06:56:19.221718+02:00] event_logger.INFO: Database connection established successfully. [] []
[2024-09-11T06:56:23.119674+02:00] event_logger.INFO: Database connection established successfully. [] []
[2024-09-11T06:56:23.148790+02:00] event_logger.INFO: Database connection established successfully. [] []
[2024-09-11T07:11:49.876073+02:00] event_logger.INFO: Database connection established successfully. [] []
[2024-09-11T07:11:49.909029+02:00] event_logger.INFO: Database connection established successfully. [] []
[2024-09-11T07:13:38.204625+02:00] event_logger.INFO: Database connection established successfully. [] []
[2024-09-11T07:13:38.237324+02:00] event_logger.INFO: Database connection established successfully. [] []
[2024-09-11T07:13:48.097895+02:00] event_logger.INFO: Database connection established successfully. [] []
[2024-09-11T07:13:48.116247+02:00] event_logger.INFO: Database connection established successfully. [] []
[2024-09-11T07:13:54.856833+02:00] event_logger.INFO: Database connection established successfully. [] []
[2024-09-11T07:13:54.897846+02:00] event_logger.INFO: Database connection established successfully. [] []
[2024-09-11T07:14:24.722685+02:00] event_logger.INFO: Database connection established successfully. [] []
[2024-09-11T07:14:24.745030+02:00] event_logger.INFO: Database connection established successfully. [] []
[2024-09-11T07:14:35.410689+02:00] event_logger.INFO: Database connection established successfully. [] []
[2024-09-11T07:14:35.429262+02:00] event_logger.INFO: Database connection established successfully. [] []
[2024-09-11T07:18:38.323475+02:00] event_logger.INFO: Database connection established successfully. [] []
[2024-09-11T07:18:38.904598+02:00] event_logger.INFO: Database connection established successfully. [] []
[2024-09-11T07:20:22.770240+02:00] event_logger.INFO: Database connection established successfully. [] []
[2024-09-11T07:20:22.792434+02:00] event_logger.INFO: Database connection established successfully. [] []
[2024-09-11T07:20:26.886549+02:00] event_logger.INFO: Database connection established successfully. [] []
[2024-09-11T07:20:26.907173+02:00] event_logger.INFO: Database connection established successfully. [] []
[2024-09-11T07:28:02.903786+02:00] event_logger.INFO: Database connection established successfully. [] []
[2024-09-11T07:28:02.934059+02:00] event_logger.INFO: Database connection established successfully. [] []
[2024-09-11T07:28:08.760463+02:00] event_logger.INFO: Database connection established successfully. [] []
[2024-09-11T07:28:08.809106+02:00] event_logger.INFO: Database connection established successfully. [] []
[2024-09-11T07:28:10.986683+02:00] event_logger.INFO: Database connection established successfully. [] []
[2024-09-11T07:28:11.066027+02:00] event_logger.INFO: Database connection established successfully. [] []
[2024-09-11T07:31:12.224517+02:00] event_logger.INFO: Database connection established successfully. [] []
[2024-09-11T07:31:12.257087+02:00] event_logger.INFO: Database connection established successfully. [] []
[2024-09-11T07:31:25.161014+02:00] event_logger.INFO: Database connection established successfully. [] []
[2024-09-11T07:31:25.672517+02:00] event_logger.INFO: Database connection established successfully. [] []
[2024-09-11T07:31:55.369993+02:00] event_logger.INFO: Database connection established successfully. [] []
[2024-09-11T07:31:55.394799+02:00] event_logger.INFO: Database connection established successfully. [] []
[2024-09-11T07:32:14.532380+02:00] event_logger.INFO: Database connection established successfully. [] []
[2024-09-11T07:32:14.555261+02:00] event_logger.INFO: Database connection established successfully. [] []
[2024-09-11T07:32:27.016262+02:00] event_logger.INFO: Database connection established successfully. [] []
[2024-09-11T07:32:27.036320+02:00] event_logger.INFO: Database connection established successfully. [] []
[2024-09-11T07:34:09.947408+02:00] event_logger.INFO: Database connection established successfully. [] []
[2024-09-11T07:34:09.971366+02:00] event_logger.INFO: Database connection established successfully. [] []
[2024-09-11T07:34:35.170411+02:00] event_logger.INFO: Database connection established successfully. [] []
[2024-09-11T07:34:35.215384+02:00] event_logger.INFO: Database connection established successfully. [] []
[2024-09-11T07:39:17.334713+02:00] event_logger.INFO: Database connection established successfully. [] []
[2024-09-11T07:39:17.360300+02:00] event_logger.INFO: Database connection established successfully. [] []
[2024-09-11T07:40:09.087590+02:00] event_logger.INFO: Database connection established successfully. [] []
[2024-09-11T07:40:09.109520+02:00] event_logger.INFO: Database connection established successfully. [] []
[2024-09-11T07:40:54.868763+02:00] event_logger.INFO: Database connection established successfully. [] []
[2024-09-11T07:40:54.890633+02:00] event_logger.INFO: Database connection established successfully. [] []
[2024-09-11T07:41:18.978614+02:00] event_logger.INFO: Database connection established successfully. [] []
[2024-09-11T07:41:19.005436+02:00] event_logger.INFO: Database connection established successfully. [] []
[2024-09-11T07:44:34.559847+02:00] event_logger.INFO: Database connection established successfully. [] []
[2024-09-11T07:44:34.583892+02:00] event_logger.INFO: Database connection established successfully. [] []
[2024-09-11T07:44:51.391782+02:00] event_logger.INFO: Database connection established successfully. [] []
[2024-09-11T07:44:51.413933+02:00] event_logger.INFO: Database connection established successfully. [] []
[2024-09-11T07:45:06.204200+02:00] event_logger.INFO: Database connection established successfully. [] []
[2024-09-11T07:45:06.226217+02:00] event_logger.INFO: Database connection established successfully. [] []
[2024-09-11T07:54:56.730909+02:00] event_logger.INFO: Database connection established successfully. [] []
[2024-09-11T07:54:56.761520+02:00] event_logger.INFO: Database connection established successfully. [] []
[2024-09-11T08:00:50.520753+02:00] event_logger.INFO: Database connection established successfully. [] []
[2024-09-11T08:00:50.549286+02:00] event_logger.INFO: Database connection established successfully. [] []
[2024-09-11T08:05:25.682999+02:00] event_logger.INFO: Database connection established successfully. [] []
[2024-09-11T08:05:25.707366+02:00] event_logger.INFO: Database connection established successfully. [] []
[2024-09-11T08:06:30.726268+02:00] event_logger.INFO: Database connection established successfully. [] []
[2024-09-11T08:06:30.750490+02:00] event_logger.INFO: Database connection established successfully. [] []
[2024-09-11T08:07:06.758150+02:00] event_logger.INFO: Database connection established successfully. [] []
[2024-09-11T08:07:06.784693+02:00] event_logger.INFO: Database connection established successfully. [] []
[2024-09-11T08:07:41.023175+02:00] event_logger.INFO: Database connection established successfully. [] []
[2024-09-11T08:07:41.043223+02:00] event_logger.INFO: Database connection established successfully. [] []
[2024-09-11T08:07:45.730527+02:00] event_logger.INFO: Database connection established successfully. [] []
[2024-09-11T08:07:45.750093+02:00] event_logger.INFO: Database connection established successfully. [] []
[2024-09-11T08:27:03.873611+02:00] event_logger.INFO: Database connection established successfully. [] []
[2024-09-11T08:27:03.904199+02:00] event_logger.INFO: Database connection established successfully. [] []
[2024-09-11T08:27:13.626825+02:00] event_logger.INFO: Database connection established successfully. [] []
[2024-09-11T08:27:13.646637+02:00] event_logger.INFO: Database connection established successfully. [] []
[2024-09-11T08:28:56.523214+02:00] event_logger.INFO: Database connection established successfully. [] []
[2024-09-11T08:28:56.540874+02:00] event_logger.INFO: Database connection established successfully. [] []
[2024-09-11T08:29:19.367746+02:00] event_logger.INFO: Database connection established successfully. [] []
[2024-09-11T08:29:19.399470+02:00] event_logger.INFO: Database connection established successfully. [] []
[2024-09-11T08:29:59.659002+02:00] event_logger.INFO: Database connection established successfully. [] []
[2024-09-11T08:29:59.754932+02:00] event_logger.INFO: Database connection established successfully. [] []
[2024-09-11T08:30:15.087296+02:00] event_logger.INFO: Database connection established successfully. [] []
[2024-09-11T08:30:15.104315+02:00] event_logger.INFO: Database connection established successfully. [] []
[2024-09-11T08:30:20.977493+02:00] event_logger.INFO: Database connection established successfully. [] []
[2024-09-11T08:30:20.998485+02:00] event_logger.INFO: Database connection established successfully. [] []
[2024-09-11T08:30:49.696670+02:00] event_logger.INFO: Database connection established successfully. [] []
[2024-09-11T08:30:49.716229+02:00] event_logger.INFO: Database connection established successfully. [] []
[2024-09-11T12:07:39.375296+02:00] event_logger.INFO: Database connection established successfully. [] []
[2024-09-11T12:07:39.402250+02:00] event_logger.INFO: Database connection established successfully. [] []
[2024-09-11T12:09:32.589155+02:00] event_logger.INFO: Database connection established successfully. [] []
[2024-09-11T12:09:32.607279+02:00] event_logger.INFO: Database connection established successfully. [] []
[2024-09-11T12:09:42.127679+02:00] event_logger.INFO: Database connection established successfully. [] []
[2024-09-11T12:09:42.157358+02:00] event_logger.INFO: Database connection established successfully. [] []
[2024-09-11T12:10:00.281537+02:00] event_logger.INFO: Database connection established successfully. [] []
[2024-09-11T12:10:00.297569+02:00] event_logger.INFO: Database connection established successfully. [] []
[2024-09-11T12:10:16.099980+02:00] event_logger.INFO: Database connection established successfully. [] []
[2024-09-11T12:10:16.124130+02:00] event_logger.INFO: Database connection established successfully. [] []
[2024-09-11T12:10:27.424477+02:00] event_logger.INFO: Database connection established successfully. [] []
[2024-09-11T12:10:27.446570+02:00] event_logger.INFO: Database connection established successfully. [] []
[2024-09-11T12:11:15.129005+02:00] event_logger.INFO: Database connection established successfully. [] []
[2024-09-11T12:11:15.153799+02:00] event_logger.INFO: Database connection established successfully. [] []
[2024-09-11T12:11:40.855945+02:00] event_logger.INFO: Database connection established successfully. [] []
[2024-09-11T12:11:40.875762+02:00] event_logger.INFO: Database connection established successfully. [] []
[2024-09-11T12:12:22.259325+02:00] event_logger.INFO: Database connection established successfully. [] []
[2024-09-11T12:12:22.339734+02:00] event_logger.INFO: Database connection established successfully. [] []
[2024-09-11T12:12:52.283185+02:00] event_logger.INFO: Database connection established successfully. [] []
[2024-09-11T12:12:52.310440+02:00] event_logger.INFO: Database connection established successfully. [] []
[2024-09-11T12:13:16.458856+02:00] event_logger.INFO: Database connection established successfully. [] []
[2024-09-11T12:13:16.485699+02:00] event_logger.INFO: Database connection established successfully. [] []
[2024-09-11T12:14:09.086276+02:00] event_logger.INFO: Database connection established successfully. [] []
[2024-09-11T12:14:09.103980+02:00] event_logger.INFO: Database connection established successfully. [] []
[2024-09-11T12:14:30.149820+02:00] event_logger.INFO: Database connection established successfully. [] []
[2024-09-11T12:14:30.219414+02:00] event_logger.INFO: Database connection established successfully. [] []
[2024-09-11T12:14:38.386096+02:00] event_logger.INFO: Database connection established successfully. [] []
[2024-09-11T12:14:38.406408+02:00] event_logger.INFO: Database connection established successfully. [] []
[2024-09-11T12:14:59.216774+02:00] event_logger.INFO: Database connection established successfully. [] []
[2024-09-11T12:14:59.237402+02:00] event_logger.INFO: Database connection established successfully. [] []
[2024-09-11T12:15:22.814970+02:00] event_logger.INFO: Database connection established successfully. [] []
[2024-09-11T12:15:22.836608+02:00] event_logger.INFO: Database connection established successfully. [] []
[2024-09-11T12:15:55.609325+02:00] event_logger.INFO: Database connection established successfully. [] []
[2024-09-11T12:15:55.630681+02:00] event_logger.INFO: Database connection established successfully. [] []
[2024-09-11T12:16:42.423806+02:00] event_logger.INFO: Database connection established successfully. [] []
[2024-09-11T12:16:42.450186+02:00] event_logger.INFO: Database connection established successfully. [] []
[2024-09-11T12:17:01.650482+02:00] event_logger.INFO: Database connection established successfully. [] []
[2024-09-11T12:17:01.761383+02:00] event_logger.INFO: Database connection established successfully. [] []
[2024-09-11T12:17:35.532213+02:00] event_logger.INFO: Database connection established successfully. [] []
[2024-09-11T12:17:35.577171+02:00] event_logger.INFO: Database connection established successfully. [] []
[2024-09-11T12:17:43.006239+02:00] event_logger.INFO: Database connection established successfully. [] []
[2024-09-11T12:17:43.023000+02:00] event_logger.INFO: Database connection established successfully. [] []
[2024-09-11T12:18:01.980362+02:00] event_logger.INFO: Database connection established successfully. [] []
[2024-09-11T12:18:02.000195+02:00] event_logger.INFO: Database connection established successfully. [] []
[2024-09-11T12:19:31.522340+02:00] event_logger.INFO: Database connection established successfully. [] []
[2024-09-11T12:19:31.620254+02:00] event_logger.INFO: Database connection established successfully. [] []
[2024-09-11T12:19:49.586992+02:00] event_logger.INFO: Database connection established successfully. [] []
[2024-09-11T12:19:49.608553+02:00] event_logger.INFO: Database connection established successfully. [] []
[2024-09-11T12:20:36.528439+02:00] event_logger.INFO: Database connection established successfully. [] []
[2024-09-11T12:20:36.560203+02:00] event_logger.INFO: Database connection established successfully. [] []
[2024-09-11T12:20:50.968565+02:00] event_logger.INFO: Database connection established successfully. [] []
[2024-09-11T12:20:50.986357+02:00] event_logger.INFO: Database connection established successfully. [] []
[2024-09-11T12:21:05.319143+02:00] event_logger.INFO: Database connection established successfully. [] []
[2024-09-11T12:21:05.337670+02:00] event_logger.INFO: Database connection established successfully. [] []
[2024-09-11T12:21:14.178199+02:00] event_logger.INFO: Database connection established successfully. [] []
[2024-09-11T12:21:14.196683+02:00] event_logger.INFO: Database connection established successfully. [] []
[2024-09-11T12:26:00.092163+02:00] event_logger.INFO: Database connection established successfully. [] []
[2024-09-11T12:26:00.134012+02:00] event_logger.INFO: Database connection established successfully. [] []
[2024-09-11T12:26:15.591579+02:00] event_logger.INFO: Database connection established successfully. [] []
[2024-09-11T12:26:15.613544+02:00] event_logger.INFO: Database connection established successfully. [] []
[2024-09-11T12:26:27.187315+02:00] event_logger.INFO: Database connection established successfully. [] []
[2024-09-11T12:26:27.203782+02:00] event_logger.INFO: Database connection established successfully. [] []
[2024-09-11T12:26:32.066173+02:00] event_logger.INFO: Database connection established successfully. [] []
[2024-09-11T12:26:32.093596+02:00] event_logger.INFO: Database connection established successfully. [] []
[2024-09-11T13:09:02.740857+02:00] event_logger.INFO: Database connection established successfully. [] []
[2024-09-11T13:09:02.893454+02:00] event_logger.INFO: Database connection established successfully. [] []
[2024-09-11T13:12:25.133316+02:00] event_logger.INFO: Database connection established successfully. [] []
[2024-09-11T13:12:25.165941+02:00] event_logger.INFO: Database connection established successfully. [] []
[2024-09-11T13:12:48.456387+02:00] event_logger.INFO: Database connection established successfully. [] []
[2024-09-11T13:12:48.497181+02:00] event_logger.INFO: Database connection established successfully. [] []
[2024-09-11T13:13:24.380105+02:00] event_logger.INFO: Database connection established successfully. [] []
[2024-09-11T13:13:24.414080+02:00] event_logger.INFO: Database connection established successfully. [] []
[2024-09-11T13:18:48.865946+02:00] event_logger.INFO: Database connection established successfully. [] []
[2024-09-11T13:18:48.900158+02:00] event_logger.INFO: Database connection established successfully. [] []
[2024-09-11T13:20:59.240201+02:00] event_logger.INFO: Database connection established successfully. [] []
[2024-09-11T13:20:59.275213+02:00] event_logger.INFO: Database connection established successfully. [] []
[2024-09-11T13:44:54.366500+02:00] event_logger.INFO: Database connection established successfully. [] []
[2024-09-11T13:44:54.403465+02:00] event_logger.INFO: Database connection established successfully. [] []
[2024-09-11T13:45:33.159859+02:00] event_logger.INFO: Database connection established successfully. [] []
[2024-09-11T13:45:33.194928+02:00] event_logger.INFO: Database connection established successfully. [] []
[2024-09-11T13:46:25.183119+02:00] event_logger.INFO: Database connection established successfully. [] []
[2024-09-11T13:46:25.211838+02:00] event_logger.INFO: Database connection established successfully. [] []
[2024-09-11T13:47:26.506989+02:00] event_logger.INFO: Database connection established successfully. [] []
[2024-09-11T13:47:26.695062+02:00] event_logger.INFO: Database connection established successfully. [] []
[2024-09-11T13:48:43.704768+02:00] event_logger.INFO: Database connection established successfully. [] []
[2024-09-11T13:48:43.732961+02:00] event_logger.INFO: Database connection established successfully. [] []
[2024-09-11T13:49:25.286942+02:00] event_logger.INFO: Database connection established successfully. [] []
[2024-09-11T13:49:25.438108+02:00] event_logger.INFO: Database connection established successfully. [] []
[2024-09-11T13:50:21.390120+02:00] event_logger.INFO: Database connection established successfully. [] []
[2024-09-11T13:50:21.427525+02:00] event_logger.INFO: Database connection established successfully. [] []
[2024-09-11T13:50:40.880586+02:00] event_logger.INFO: Database connection established successfully. [] []
[2024-09-11T13:50:40.903490+02:00] event_logger.INFO: Database connection established successfully. [] []
[2024-09-13T12:22:36.192164+02:00] event_logger.INFO: Database connection established successfully. [] []
[2024-09-13T12:22:37.240053+02:00] event_logger.INFO: Database connection established successfully. [] []
[2024-09-13T12:22:37.254446+02:00] event_logger.INFO: Database connection established successfully. [] []
[2024-09-13T12:24:23.740082+02:00] event_logger.INFO: Database connection established successfully. [] []
[2024-09-13T12:24:23.834129+02:00] event_logger.INFO: Database connection established successfully. [] []
[2024-09-13T12:24:23.854623+02:00] event_logger.INFO: Database connection established successfully. [] []
[2024-09-13T12:25:16.298584+02:00] event_logger.INFO: Database connection established successfully. [] []
[2024-09-13T12:25:16.326731+02:00] event_logger.INFO: Database connection established successfully. [] []
[2024-09-13T12:25:16.350842+02:00] event_logger.INFO: Database connection established successfully. [] []
[2024-09-13T12:50:57.606768+02:00] event_logger.INFO: Database connection established successfully. [] []
[2024-09-13T12:50:57.685929+02:00] event_logger.INFO: Database connection established successfully. [] []
[2024-09-13T12:50:58.071226+02:00] event_logger.INFO: Database connection established successfully. [] []
[2024-09-13T15:22:55.171451+02:00] event_logger.INFO: Database connection established successfully. [] []
[2024-09-13T15:22:55.198100+02:00] event_logger.INFO: Database connection established successfully. [] []
[2024-09-13T15:22:55.206622+02:00] event_logger.INFO: Database connection established successfully. [] []
[2024-09-13T15:52:59.372911+02:00] event_logger.INFO: Database connection established successfully. [] []
[2024-09-13T15:52:59.656083+02:00] event_logger.INFO: Database connection established successfully. [] []
[2024-09-13T15:52:59.836444+02:00] event_logger.INFO: Database connection established successfully. [] []
[2024-09-13T15:56:05.654081+02:00] event_logger.INFO: Database connection established successfully. [] []
[2024-09-13T15:56:05.679806+02:00] event_logger.INFO: Database connection established successfully. [] []
[2024-09-13T15:56:05.690421+02:00] event_logger.INFO: Database connection established successfully. [] []
[2024-09-13T15:56:13.258181+02:00] event_logger.INFO: Database connection established successfully. [] []
[2024-09-13T15:56:13.274390+02:00] event_logger.INFO: Database connection established successfully. [] []
[2024-09-13T15:56:13.280651+02:00] event_logger.INFO: Database connection established successfully. [] []
[2024-09-13T15:56:54.892873+02:00] event_logger.INFO: Database connection established successfully. [] []
[2024-09-13T15:56:54.914198+02:00] event_logger.INFO: Database connection established successfully. [] []
[2024-09-13T15:56:54.922916+02:00] event_logger.INFO: Database connection established successfully. [] []
[2024-09-13T15:58:13.260900+02:00] event_logger.INFO: Database connection established successfully. [] []
[2024-09-13T15:58:13.290305+02:00] event_logger.INFO: Database connection established successfully. [] []
[2024-09-13T15:58:13.316548+02:00] event_logger.INFO: Database connection established successfully. [] []
[2024-09-13T15:58:32.196870+02:00] event_logger.INFO: Database connection established successfully. [] []
[2024-09-13T15:58:32.217970+02:00] event_logger.INFO: Database connection established successfully. [] []
[2024-09-13T15:58:32.224968+02:00] event_logger.INFO: Database connection established successfully. [] []
[2024-09-13T15:58:33.382206+02:00] event_logger.INFO: Database connection established successfully. [] []
[2024-09-13T15:58:33.442088+02:00] event_logger.INFO: Database connection established successfully. [] []
[2024-09-13T15:58:33.504660+02:00] event_logger.INFO: Database connection established successfully. [] []
[2024-09-13T15:58:38.522790+02:00] event_logger.INFO: Database connection established successfully. [] []
[2024-09-13T15:58:38.539980+02:00] event_logger.INFO: Database connection established successfully. [] []
[2024-09-13T15:58:38.546762+02:00] event_logger.INFO: Database connection established successfully. [] []
[2024-09-13T15:58:51.387118+02:00] event_logger.INFO: Database connection established successfully. [] []
[2024-09-13T15:58:51.409003+02:00] event_logger.INFO: Database connection established successfully. [] []
[2024-09-13T15:58:51.439162+02:00] event_logger.INFO: Database connection established successfully. [] []
[2024-09-13T15:59:11.405045+02:00] event_logger.INFO: Database connection established successfully. [] []
[2024-09-13T15:59:11.432894+02:00] event_logger.INFO: Database connection established successfully. [] []
[2024-09-13T15:59:11.442596+02:00] event_logger.INFO: Database connection established successfully. [] []
[2024-09-13T15:59:16.123134+02:00] event_logger.INFO: Database connection established successfully. [] []
[2024-09-13T15:59:16.181694+02:00] event_logger.INFO: Database connection established successfully. [] []
[2024-09-13T15:59:16.199890+02:00] event_logger.INFO: Database connection established successfully. [] []
[2024-09-13T16:48:05.551325+02:00] event_logger.INFO: Database connection established successfully. [] []
[2024-09-13T16:48:05.601986+02:00] event_logger.INFO: Database connection established successfully. [] []
[2024-09-13T16:48:38.741449+02:00] event_logger.INFO: Database connection established successfully. [] []
[2024-09-13T16:48:38.791945+02:00] event_logger.INFO: Database connection established successfully. [] []
[2024-09-13T16:48:38.802499+02:00] event_logger.INFO: Database connection established successfully. [] []
[2024-09-13T16:49:23.114796+02:00] event_logger.INFO: Database connection established successfully. [] []
[2024-09-13T16:49:23.131007+02:00] event_logger.INFO: Database connection established successfully. [] []
[2024-09-13T16:49:23.137931+02:00] event_logger.INFO: Database connection established successfully. [] []
[2024-09-13T16:50:58.503941+02:00] event_logger.INFO: Database connection established successfully. [] []
[2024-09-13T16:50:58.529311+02:00] event_logger.INFO: Database connection established successfully. [] []
[2024-09-13T16:50:58.563101+02:00] event_logger.INFO: Database connection established successfully. [] []
[2024-09-13T16:55:12.043324+02:00] event_logger.INFO: Database connection established successfully. [] []
[2024-09-13T16:55:12.100694+02:00] event_logger.INFO: Database connection established successfully. [] []
[2024-09-13T16:55:12.107518+02:00] event_logger.INFO: Database connection established successfully. [] []
[2024-09-13T16:55:20.264446+02:00] event_logger.INFO: Database connection established successfully. [] []
[2024-09-13T16:55:20.295052+02:00] event_logger.INFO: Database connection established successfully. [] []
[2024-09-13T16:55:20.301432+02:00] event_logger.INFO: Database connection established successfully. [] []
[2024-09-13T16:55:24.975665+02:00] event_logger.INFO: Database connection established successfully. [] []
[2024-09-13T16:55:25.001440+02:00] event_logger.INFO: Database connection established successfully. [] []
[2024-09-13T16:55:25.007910+02:00] event_logger.INFO: Database connection established successfully. [] []
[2024-09-16T13:45:55.750428+02:00] event_logger.INFO: Database connection established successfully. [] []
[2024-09-16T13:45:56.390921+02:00] event_logger.INFO: Database connection established successfully. [] []
[2024-09-16T13:45:56.710125+02:00] event_logger.INFO: Database connection established successfully. [] []
[2024-09-16T13:45:56.720441+02:00] event_logger.INFO: Database connection established successfully. [] []
[2024-09-16T13:47:12.706618+02:00] event_logger.INFO: Database connection established successfully. [] []
[2024-09-16T13:47:12.728527+02:00] event_logger.INFO: Database connection established successfully. [] []
[2024-09-16T13:47:12.735425+02:00] event_logger.INFO: Database connection established successfully. [] []
[2024-09-16T13:47:12.741845+02:00] event_logger.INFO: Database connection established successfully. [] []
[2024-09-16T13:47:16.959270+02:00] event_logger.INFO: Database connection established successfully. [] []
[2024-09-16T13:47:16.989482+02:00] event_logger.INFO: Database connection established successfully. [] []
[2024-09-16T13:47:16.998417+02:00] event_logger.INFO: Database connection established successfully. [] []
[2024-09-16T13:47:17.005095+02:00] event_logger.INFO: Database connection established successfully. [] []
[2024-09-16T13:47:31.376104+02:00] event_logger.INFO: Database connection established successfully. [] []
[2024-09-16T13:47:31.402443+02:00] event_logger.INFO: Database connection established successfully. [] []
[2024-09-16T13:47:31.407549+02:00] event_logger.INFO: Database connection established successfully. [] []
[2024-09-16T13:47:31.416588+02:00] event_logger.INFO: Database connection established successfully. [] []
[2024-09-16T14:02:47.522808+02:00] event_logger.INFO: Database connection established successfully. [] []
[2024-09-16T14:02:47.547237+02:00] event_logger.INFO: Database connection established successfully. [] []
[2024-09-16T14:02:47.554451+02:00] event_logger.INFO: Database connection established successfully. [] []
[2024-09-16T14:02:47.562440+02:00] event_logger.INFO: Database connection established successfully. [] []
[2024-09-16T14:03:46.027485+02:00] event_logger.INFO: Database connection established successfully. [] []
[2024-09-16T14:03:46.151508+02:00] event_logger.INFO: Database connection established successfully. [] []
[2024-09-16T14:03:46.162955+02:00] event_logger.INFO: Database connection established successfully. [] []
[2024-09-16T14:03:46.195284+02:00] event_logger.INFO: Database connection established successfully. [] []
[2024-09-16T14:04:07.388494+02:00] event_logger.INFO: Database connection established successfully. [] []
[2024-09-16T14:04:07.408755+02:00] event_logger.INFO: Database connection established successfully. [] []
[2024-09-16T14:04:07.421050+02:00] event_logger.INFO: Database connection established successfully. [] []
[2024-09-16T14:04:07.430949+02:00] event_logger.INFO: Database connection established successfully. [] []
[2024-09-16T14:04:58.481526+02:00] event_logger.ERROR: Connection error: SQLSTATE[HY000] [1045] Access denied for user 'root'@'localhost' (using password: YES) in C:\xampp\htdocs\voting_api\config\database.php on line 32 with code 1045 at 2024-09-16 14:04:58    [] []
[2024-09-16T14:04:58.522598+02:00] event_logger.ERROR: Connection error: SQLSTATE[HY000] [1045] Access denied for user 'root'@'localhost' (using password: YES) in C:\xampp\htdocs\voting_api\config\database.php on line 32 with code 1045 at 2024-09-16 14:04:58    [] []
[2024-09-16T14:04:58.536730+02:00] event_logger.ERROR: Connection error: SQLSTATE[HY000] [1045] Access denied for user 'root'@'localhost' (using password: YES) in C:\xampp\htdocs\voting_api\config\database.php on line 32 with code 1045 at 2024-09-16 14:04:58    [] []
[2024-09-16T14:04:58.548366+02:00] event_logger.ERROR: Connection error: SQLSTATE[HY000] [1045] Access denied for user 'root'@'localhost' (using password: YES) in C:\xampp\htdocs\voting_api\config\database.php on line 32 with code 1045 at 2024-09-16 14:04:58    [] []
[2024-09-16T14:08:02.640699+02:00] event_logger.INFO: Database connection established successfully. [] []
[2024-09-16T14:08:02.683905+02:00] event_logger.INFO: Database connection established successfully. [] []
[2024-09-16T14:08:02.690739+02:00] event_logger.INFO: Database connection established successfully. [] []
[2024-09-16T14:08:02.703759+02:00] event_logger.INFO: Database connection established successfully. [] []
[2024-09-16T14:25:15.564727+02:00] event_logger.INFO: Database connection established successfully. [] []
[2024-09-16T14:25:15.601923+02:00] event_logger.INFO: Database connection established successfully. [] []
[2024-09-16T14:25:15.614019+02:00] event_logger.INFO: Database connection established successfully. [] []
[2024-09-16T14:25:15.625164+02:00] event_logger.INFO: Database connection established successfully. [] []
[2024-09-16T14:25:35.299367+02:00] event_logger.INFO: Database connection established successfully. [] []
[2024-09-16T14:25:35.317921+02:00] event_logger.INFO: Database connection established successfully. [] []
[2024-09-16T14:25:35.329686+02:00] event_logger.INFO: Database connection established successfully. [] []
[2024-09-16T14:25:35.336550+02:00] event_logger.INFO: Database connection established successfully. [] []
[2024-09-16T14:27:42.456619+02:00] event_logger.INFO: Database connection established successfully. [] []
[2024-09-16T14:27:42.486245+02:00] event_logger.INFO: Database connection established successfully. [] []
[2024-09-16T14:27:42.493819+02:00] event_logger.INFO: Database connection established successfully. [] []
[2024-09-16T14:27:42.505472+02:00] event_logger.INFO: Database connection established successfully. [] []
[2024-09-16T14:27:51.339760+02:00] event_logger.INFO: Database connection established successfully. [] []
[2024-09-16T14:27:51.368462+02:00] event_logger.INFO: Database connection established successfully. [] []
[2024-09-16T14:27:51.374599+02:00] event_logger.INFO: Database connection established successfully. [] []
[2024-09-16T14:27:51.412127+02:00] event_logger.INFO: Database connection established successfully. [] []
[2024-09-16T14:28:03.996596+02:00] event_logger.INFO: Database connection established successfully. [] []
[2024-09-16T14:28:04.034788+02:00] event_logger.INFO: Database connection established successfully. [] []
[2024-09-16T14:28:04.052383+02:00] event_logger.INFO: Database connection established successfully. [] []
[2024-09-16T14:28:04.058128+02:00] event_logger.INFO: Database connection established successfully. [] []
[2024-09-16T14:28:11.086635+02:00] event_logger.INFO: Database connection established successfully. [] []
[2024-09-16T14:28:11.108097+02:00] event_logger.INFO: Database connection established successfully. [] []
[2024-09-16T14:28:11.120999+02:00] event_logger.INFO: Database connection established successfully. [] []
[2024-09-16T14:28:11.136280+02:00] event_logger.INFO: Database connection established successfully. [] []
[2024-09-16T14:28:15.274482+02:00] event_logger.INFO: Database connection established successfully. [] []
[2024-09-16T14:28:15.297021+02:00] event_logger.INFO: Database connection established successfully. [] []
[2024-09-16T14:28:15.305669+02:00] event_logger.INFO: Database connection established successfully. [] []
[2024-09-16T14:28:15.315138+02:00] event_logger.INFO: Database connection established successfully. [] []
[2024-09-16T14:28:24.633327+02:00] event_logger.INFO: Database connection established successfully. [] []
[2024-09-16T14:28:24.652362+02:00] event_logger.INFO: Database connection established successfully. [] []
[2024-09-16T14:28:24.659440+02:00] event_logger.INFO: Database connection established successfully. [] []
[2024-09-16T14:28:24.674514+02:00] event_logger.INFO: Database connection established successfully. [] []
[2024-09-16T14:28:26.809863+02:00] event_logger.INFO: Database connection established successfully. [] []
[2024-09-16T14:28:27.070355+02:00] event_logger.INFO: Database connection established successfully. [] []
[2024-09-16T14:28:27.077290+02:00] event_logger.INFO: Database connection established successfully. [] []
[2024-09-16T14:28:27.090643+02:00] event_logger.INFO: Database connection established successfully. [] []
[2024-09-16T14:28:28.892789+02:00] event_logger.INFO: Database connection established successfully. [] []
[2024-09-16T14:28:28.919526+02:00] event_logger.INFO: Database connection established successfully. [] []
[2024-09-16T14:28:28.925730+02:00] event_logger.INFO: Database connection established successfully. [] []
[2024-09-16T14:28:28.937323+02:00] event_logger.INFO: Database connection established successfully. [] []
[2024-10-11T14:10:21.991693+02:00] event_logger.INFO: Database connection established successfully. [] []
[2024-10-11T14:10:23.094538+02:00] event_logger.INFO: Database connection established successfully. [] []
[2024-10-11T14:10:23.474315+02:00] event_logger.INFO: Database connection established successfully. [] []
[2024-10-11T14:10:23.482151+02:00] event_logger.INFO: Database connection established successfully. [] []
[2024-10-11T14:10:43.128299+02:00] event_logger.INFO: Database connection established successfully. [] []
[2024-10-11T14:10:43.154292+02:00] event_logger.INFO: Database connection established successfully. [] []
[2024-10-11T14:10:43.162193+02:00] event_logger.INFO: Database connection established successfully. [] []
[2024-10-11T14:10:43.172722+02:00] event_logger.INFO: Database connection established successfully. [] []
[2024-10-11T14:12:05.387730+02:00] event_logger.INFO: Database connection established successfully. [] []
[2024-10-11T14:12:05.404449+02:00] event_logger.INFO: Database connection established successfully. [] []
[2024-10-11T14:12:05.410744+02:00] event_logger.INFO: Database connection established successfully. [] []
[2024-10-11T14:12:05.416886+02:00] event_logger.INFO: Database connection established successfully. [] []
[2024-10-12T09:52:20.523030+02:00] event_logger.INFO: Database connection established successfully. [] []
[2024-10-12T09:52:22.196865+02:00] event_logger.INFO: Database connection established successfully. [] []
[2024-10-12T09:52:22.813228+02:00] event_logger.INFO: Database connection established successfully. [] []
[2024-10-12T09:52:22.820963+02:00] event_logger.INFO: Database connection established successfully. [] []
[2024-10-12T09:52:28.525315+02:00] event_logger.INFO: Database connection established successfully. [] []
[2024-10-12T09:52:28.542396+02:00] event_logger.INFO: Database connection established successfully. [] []
[2024-10-12T09:52:28.549620+02:00] event_logger.INFO: Database connection established successfully. [] []
[2024-10-12T09:52:28.555995+02:00] event_logger.INFO: Database connection established successfully. [] []
[2024-10-12T09:52:53.514649+02:00] event_logger.INFO: Database connection established successfully. [] []
[2024-10-12T09:52:53.532803+02:00] event_logger.INFO: Database connection established successfully. [] []
[2024-10-12T09:52:53.538833+02:00] event_logger.INFO: Database connection established successfully. [] []
[2024-10-12T09:52:53.546523+02:00] event_logger.INFO: Database connection established successfully. [] []
[2024-10-12T09:53:19.766299+02:00] event_logger.INFO: Database connection established successfully. [] []
[2024-10-12T09:53:19.785810+02:00] event_logger.INFO: Database connection established successfully. [] []
[2024-10-12T09:53:19.796408+02:00] event_logger.INFO: Database connection established successfully. [] []
[2024-10-12T09:53:19.969089+02:00] event_logger.INFO: Database connection established successfully. [] []
[2024-10-12T10:01:25.144914+02:00] event_logger.INFO: Database connection established successfully. [] []
[2024-10-12T10:01:25.171801+02:00] event_logger.INFO: Database connection established successfully. [] []
[2024-10-12T10:01:25.182855+02:00] event_logger.INFO: Database connection established successfully. [] []
[2024-10-12T10:01:25.191693+02:00] event_logger.INFO: Database connection established successfully. [] []
[2024-10-12T10:01:36.814258+02:00] event_logger.INFO: Database connection established successfully. [] []
[2024-10-12T10:01:36.994527+02:00] event_logger.INFO: Database connection established successfully. [] []
[2024-10-12T10:01:37.008534+02:00] event_logger.INFO: Database connection established successfully. [] []
[2024-10-12T10:01:37.028751+02:00] event_logger.INFO: Database connection established successfully. [] []
[2024-10-12T10:01:44.224711+02:00] event_logger.INFO: Database connection established successfully. [] []
[2024-10-12T10:01:44.286281+02:00] event_logger.INFO: Database connection established successfully. [] []
[2024-10-12T10:01:44.297626+02:00] event_logger.INFO: Database connection established successfully. [] []
[2024-10-12T10:01:44.304048+02:00] event_logger.INFO: Database connection established successfully. [] []
[2024-10-12T10:11:55.103260+02:00] event_logger.INFO: Database connection established successfully. [] []
[2024-10-12T10:11:55.127830+02:00] event_logger.INFO: Database connection established successfully. [] []
[2024-10-12T10:11:55.139267+02:00] event_logger.INFO: Database connection established successfully. [] []
[2024-10-12T10:11:55.146888+02:00] event_logger.INFO: Database connection established successfully. [] []
[2024-10-12T10:12:48.383235+02:00] event_logger.INFO: Database connection established successfully. [] []
[2024-10-12T10:12:48.403466+02:00] event_logger.INFO: Database connection established successfully. [] []
[2024-10-12T10:12:48.409581+02:00] event_logger.INFO: Database connection established successfully. [] []
[2024-10-12T10:12:48.423986+02:00] event_logger.INFO: Database connection established successfully. [] []
[2024-10-12T10:12:51.011690+02:00] event_logger.INFO: Database connection established successfully. [] []
[2024-10-12T10:12:51.036977+02:00] event_logger.INFO: Database connection established successfully. [] []
[2024-10-12T10:12:51.043127+02:00] event_logger.INFO: Database connection established successfully. [] []
[2024-10-12T10:12:51.054489+02:00] event_logger.INFO: Database connection established successfully. [] []
[2024-10-12T10:16:32.879932+02:00] event_logger.INFO: Database connection established successfully. [] []
[2024-10-12T10:16:32.900420+02:00] event_logger.INFO: Database connection established successfully. [] []
[2024-10-12T10:16:32.907303+02:00] event_logger.INFO: Database connection established successfully. [] []
[2024-10-12T10:16:32.916712+02:00] event_logger.INFO: Database connection established successfully. [] []
[2024-10-12T10:17:00.158171+02:00] event_logger.INFO: Database connection established successfully. [] []
[2024-10-12T10:17:00.185949+02:00] event_logger.INFO: Database connection established successfully. [] []
[2024-10-12T10:17:00.193047+02:00] event_logger.INFO: Database connection established successfully. [] []
[2024-10-12T10:17:00.224685+02:00] event_logger.INFO: Database connection established successfully. [] []
[2024-10-12T10:17:07.865301+02:00] event_logger.INFO: Database connection established successfully. [] []
[2024-10-12T10:17:07.881294+02:00] event_logger.INFO: Database connection established successfully. [] []
[2024-10-12T10:17:07.887267+02:00] event_logger.INFO: Database connection established successfully. [] []
[2024-10-12T10:17:07.893279+02:00] event_logger.INFO: Database connection established successfully. [] []
[2024-10-12T10:17:19.894678+02:00] event_logger.INFO: Database connection established successfully. [] []
[2024-10-12T10:17:19.910868+02:00] event_logger.INFO: Database connection established successfully. [] []
[2024-10-12T10:17:19.917006+02:00] event_logger.INFO: Database connection established successfully. [] []
[2024-10-12T10:17:19.923063+02:00] event_logger.INFO: Database connection established successfully. [] []
[2024-10-12T10:19:44.662080+02:00] event_logger.INFO: Database connection established successfully. [] []
[2024-10-12T10:19:44.694464+02:00] event_logger.INFO: Database connection established successfully. [] []
[2024-10-12T10:19:44.704128+02:00] event_logger.INFO: Database connection established successfully. [] []
[2024-10-12T10:19:44.712363+02:00] event_logger.INFO: Database connection established successfully. [] []
[2024-10-12T10:34:04.229046+02:00] event_logger.INFO: Database connection established successfully. [] []
[2024-10-12T10:34:04.252105+02:00] event_logger.INFO: Database connection established successfully. [] []
[2024-10-12T10:34:04.259647+02:00] event_logger.INFO: Database connection established successfully. [] []
[2024-10-12T10:34:04.268896+02:00] event_logger.INFO: Database connection established successfully. [] []
[2024-10-12T10:44:20.867680+02:00] event_logger.INFO: Database connection established successfully. [] []
[2024-10-12T10:44:20.894125+02:00] event_logger.INFO: Database connection established successfully. [] []
[2024-10-12T10:44:20.901797+02:00] event_logger.INFO: Database connection established successfully. [] []
[2024-10-12T10:44:20.911584+02:00] event_logger.INFO: Database connection established successfully. [] []
[2024-10-12T10:48:34.900224+02:00] event_logger.INFO: Database connection established successfully. [] []
[2024-10-12T10:48:34.928946+02:00] event_logger.INFO: Database connection established successfully. [] []
[2024-10-12T10:48:34.941372+02:00] event_logger.INFO: Database connection established successfully. [] []
[2024-10-12T10:48:34.949397+02:00] event_logger.INFO: Database connection established successfully. [] []
[2024-10-12T10:48:41.133035+02:00] event_logger.INFO: Database connection established successfully. [] []
[2024-10-12T10:48:41.153826+02:00] event_logger.INFO: Database connection established successfully. [] []
[2024-10-12T10:48:41.162608+02:00] event_logger.INFO: Database connection established successfully. [] []
[2024-10-12T10:48:41.171478+02:00] event_logger.INFO: Database connection established successfully. [] []
[2024-10-12T10:56:29.911578+02:00] event_logger.INFO: Database connection established successfully. [] []
[2024-10-12T10:56:29.946876+02:00] event_logger.INFO: Database connection established successfully. [] []
[2024-10-12T10:56:29.968439+02:00] event_logger.INFO: Database connection established successfully. [] []
[2024-10-12T10:56:29.983747+02:00] event_logger.INFO: Database connection established successfully. [] []
[2024-10-12T10:56:33.682494+02:00] event_logger.INFO: Database connection established successfully. [] []
[2024-10-12T10:56:33.704012+02:00] event_logger.INFO: Database connection established successfully. [] []
[2024-10-12T10:56:33.714637+02:00] event_logger.INFO: Database connection established successfully. [] []
[2024-10-12T10:56:33.721934+02:00] event_logger.INFO: Database connection established successfully. [] []
[2024-10-12T10:56:36.484691+02:00] event_logger.INFO: Database connection established successfully. [] []
[2024-10-12T10:56:36.536667+02:00] event_logger.INFO: Database connection established successfully. [] []
[2024-10-12T10:56:36.545534+02:00] event_logger.INFO: Database connection established successfully. [] []
[2024-10-12T10:56:36.551740+02:00] event_logger.INFO: Database connection established successfully. [] []
[2024-10-12T10:56:54.938417+02:00] event_logger.INFO: Database connection established successfully. [] []
[2024-10-12T10:56:54.955788+02:00] event_logger.INFO: Database connection established successfully. [] []
[2024-10-12T10:56:54.961947+02:00] event_logger.INFO: Database connection established successfully. [] []
[2024-10-12T10:56:54.987637+02:00] event_logger.INFO: Database connection established successfully. [] []
[2024-10-12T11:02:45.253622+02:00] event_logger.INFO: Database connection established successfully. [] []
[2024-10-12T11:02:51.606362+02:00] event_logger.INFO: Database connection established successfully. [] []
[2024-10-12T11:04:53.891511+02:00] event_logger.INFO: Database connection established successfully. [] []
[2024-10-12T11:05:06.633883+02:00] event_logger.INFO: Database connection established successfully. [] []
[2024-10-12T11:05:09.667603+02:00] event_logger.INFO: Database connection established successfully. [] []
